<?xml version="1.0" encoding="UTF-8"?>
<!-- Generated by org.testng.reporters.JUnitReportReporter -->
<testsuite hostname="Gokul-F6GAVSE8" failures="0" tests="1" name="com.trello.qsp.genericUtilit.BaseClass" time="8.956" errors="0" timestamp="2023-08-07T10:56:10 IST" skipped="0">
  <testcase classname="com.trello.qsp.genericUtilit.BaseClass" name="BeforeMethod" time="8.956"/>
  <system-out/>
</testsuite> <!-- com.trello.qsp.genericUtilit.BaseClass -->
