<?xml version="1.0" encoding="UTF-8"?>
<!-- Generated by org.testng.reporters.JUnitReportReporter -->
<testsuite hostname="Gokul-F6GAVSE8" failures="0" tests="1" name="com.trello.qsp.genericutility.BaseClass" time="4.689" errors="0" timestamp="2023-08-06T14:43:05 IST" skipped="0">
  <testcase classname="com.trello.qsp.genericutility.BaseClass" name="BeforeMethod" time="4.689"/>
  <system-out/>
</testsuite> <!-- com.trello.qsp.genericutility.BaseClass -->
