<?xml version="1.0" encoding="UTF-8"?>
<!-- Generated by org.testng.reporters.JUnitReportReporter -->
<testsuite hostname="Gokul-F6GAVSE8" failures="0" tests="2" name="TestNg.TNG_0806_02_Group2" time="0.003" errors="0" timestamp="2023-08-07T11:56:45 IST" skipped="0">
  <testcase classname="TestNg.TNG_0806_02_Group2" name="e" time="0.001"/>
  <system-out/>
  <testcase classname="TestNg.TNG_0806_02_Group2" name="g" time="0.002"/>
  <system-out/>
</testsuite> <!-- TestNg.TNG_0806_02_Group2 -->
