<?xml version="1.0" encoding="UTF-8"?>
<!-- Generated by org.testng.reporters.JUnitReportReporter -->
<testsuite hostname="Gokul-F6GAVSE8" failures="0" tests="1" name="resoluteai.Login" time="26.013" errors="0" timestamp="2023-09-14T13:29:30 IST" skipped="0">
  <testcase classname="resoluteai.Login" name="LoginScenerio" time="26.013"/>
  <system-out/>
</testsuite> <!-- resoluteai.Login -->
