<?xml version="1.0" encoding="UTF-8"?>
<!-- Generated by org.testng.reporters.JUnitReportReporter -->
<testsuite hostname="Gokul-F6GAVSE8" failures="0" tests="3" name="TestNg.TNG_0806_03_Group3" time="0.005" errors="0" timestamp="2023-08-07T11:56:45 IST" skipped="0">
  <testcase classname="TestNg.TNG_0806_03_Group3" name="i" time="0.002"/>
  <system-out/>
  <testcase classname="TestNg.TNG_0806_03_Group3" name="j" time="0.002"/>
  <system-out/>
  <testcase classname="TestNg.TNG_0806_03_Group3" name="l" time="0.001"/>
  <system-out/>
</testsuite> <!-- TestNg.TNG_0806_03_Group3 -->
