<?xml version="1.0" encoding="UTF-8"?>
<!-- Generated by org.testng.reporters.JUnitReportReporter -->
<testsuite hostname="Gokul-F6GAVSE8" failures="0" tests="2" name="TestNg_YT.YT_01_Annotations" time="0.007" errors="0" timestamp="2023-08-05T21:56:48 IST" skipped="0">
  <testcase classname="TestNg_YT.YT_01_Annotations" name="test01" time="0.006"/>
  <system-out/>
  <testcase classname="TestNg_YT.YT_01_Annotations" name="test02" time="0.001"/>
  <system-out/>
</testsuite> <!-- TestNg_YT.YT_01_Annotations -->
