<?xml version="1.0" encoding="UTF-8"?>
<!-- Generated by org.testng.reporters.JUnitReportReporter -->
<testsuite hostname="Gokul-F6GAVSE8" failures="0" tests="2" name="com.trello.qsp.endToUnit.TrelloCreateAndDeleteBoard" time="23.292" errors="0" timestamp="2023-08-07T17:50:08 IST" skipped="0">
  <testcase classname="com.trello.qsp.endToUnit.TrelloCreateAndDeleteBoard" name="BeforeMethod" time="5.073"/>
  <system-out/>
  <testcase classname="com.trello.qsp.endToUnit.TrelloCreateAndDeleteBoard" name="CreateAndDeleteBoard" time="18.219"/>
  <system-out/>
</testsuite> <!-- com.trello.qsp.endToUnit.TrelloCreateAndDeleteBoard -->
