<?xml version="1.0" encoding="UTF-8"?>
<!-- Generated by org.testng.reporters.JUnitReportReporter -->
<testsuite hostname="Gokul-F6GAVSE8" failures="0" tests="1" name="com.qsp.trello.genericutility.BaseClass" time="8.074" errors="0" timestamp="2023-09-10T19:22:02 IST" skipped="0">
  <testcase classname="com.qsp.trello.genericutility.BaseClass" name="executeAfterMethod" time="8.074"/>
  <system-out/>
</testsuite> <!-- com.qsp.trello.genericutility.BaseClass -->
