<?xml version="1.0" encoding="UTF-8"?>
<!-- Generated by org.testng.reporters.JUnitReportReporter -->
<testsuite hostname="Gokul-F6GAVSE8" failures="0" tests="3" name="TestNg.DemoTest" time="0.010" errors="0" timestamp="2023-08-01T13:33:10 IST" skipped="1">
  <testcase classname="TestNg.DemoTest" name="createAccount" time="0.009"/>
  <system-out/>
  <testcase classname="TestNg.DemoTest" name="modifyAccount" time="0.001"/>
  <system-out/>
  <testcase classname="TestNg.DemoTest" name="deleteAccount">
    <skipped/>
  </testcase> <!-- deleteAccount -->
  <system-out/>
</testsuite> <!-- TestNg.DemoTest -->
