<?xml version="1.0" encoding="UTF-8"?>
<!-- Generated by org.testng.reporters.JUnitReportReporter -->
<testsuite hostname="Gokul-F6GAVSE8" failures="0" tests="3" name="TestNg.TNG_0801_01_DemoTest" time="0.015" errors="0" timestamp="2023-08-21T08:18:32 IST" skipped="0">
  <testcase classname="TestNg.TNG_0801_01_DemoTest" name="createAccount" time="0.012"/>
  <system-out/>
  <testcase classname="TestNg.TNG_0801_01_DemoTest" name="modifyAccount" time="0.001"/>
  <system-out/>
  <testcase classname="TestNg.TNG_0801_01_DemoTest" name="deleteAccount" time="0.002"/>
  <system-out/>
</testsuite> <!-- TestNg.TNG_0801_01_DemoTest -->
